<?xml version="1.0" encoding="UTF-8"?>
<!-- Generated by org.testng.reporters.JUnitXMLReporter -->
<testsuite hostname="Daths-PC" ignored="0" name="Test" tests="2" failures="2" timestamp="06 Sep 2018 06:35:20 GMT" time="48.775" errors="0">
  <testcase name="login1" time="1.705" classname="script.LoginTest">
    <failure type="org.junit.ComparisonFailure" message="expected:&amp;lt;actiTIME - [ Enter Time-Track]&amp;gt; but was:&amp;lt;actiTIME - [Login]&amp;gt;">
      <![CDATA[org.junit.ComparisonFailure: expected:<actiTIME - [ Enter Time-Track]> but was:<actiTIME - [Login]>
at org.junit.Assert.assertEquals(Assert.java:115)
at org.junit.Assert.assertEquals(Assert.java:144)
at script.LoginTest.login1(LoginTest.java:20)
... Removed 25 stack frames]]>
    </failure>
  </testcase> <!-- login1 -->
  <testcase name="login2" time="0.572" classname="script.LoginTest">
    <failure type="org.junit.ComparisonFailure" message="expected:&amp;lt;actiTIME - [ Enter Time-Track]&amp;gt; but was:&amp;lt;actiTIME - [Login]&amp;gt;">
      <![CDATA[org.junit.ComparisonFailure: expected:<actiTIME - [ Enter Time-Track]> but was:<actiTIME - [Login]>
at org.junit.Assert.assertEquals(Assert.java:115)
at org.junit.Assert.assertEquals(Assert.java:144)
at script.LoginTest.login2(LoginTest.java:32)
... Removed 25 stack frames]]>
    </failure>
  </testcase> <!-- login2 -->
</testsuite> <!-- Test -->
